2026-02-12 16:38:34.377 [info] Reading sessions from keychain...
2026-02-12 16:38:34.377 [info] Getting sessions for all scopes...
2026-02-12 16:38:34.394 [info] Got 0 sessions for ...
2026-02-12 16:38:34.394 [info] Getting sessions for all scopes...
2026-02-12 16:38:34.394 [info] Got 0 sessions for ...
2026-02-12 16:38:34.394 [info] Getting sessions for all scopes...
2026-02-12 16:38:34.394 [info] Got 0 sessions for ...
2026-02-12 16:38:34.423 [info] Getting sessions for all scopes...
2026-02-12 16:38:34.423 [info] Got 0 sessions for ...
2026-02-12 16:38:35.409 [info] Getting sessions for all scopes...
2026-02-12 16:38:35.409 [info] Got 0 sessions for ...
2026-02-12 17:19:28.469 [info] Getting sessions for read:user,repo,user:email,workflow...
2026-02-12 17:19:28.469 [info] Got 0 sessions for read:user,repo,user:email,workflow...
2026-02-12 17:19:28.858 [info] Getting sessions for read:user,repo,user:email,workflow...
2026-02-12 17:19:28.858 [info] Got 0 sessions for read:user,repo,user:email,workflow...
2026-02-12 18:09:35.308 [info] Reading sessions from keychain...
2026-02-12 18:09:35.308 [info] Getting sessions for all scopes...
2026-02-12 18:09:35.308 [info] Got 0 sessions for ...
2026-02-12 18:09:35.308 [info] Getting sessions for all scopes...
2026-02-12 18:09:35.308 [info] Got 0 sessions for ...
2026-02-12 18:09:35.308 [info] Getting sessions for all scopes...
2026-02-12 18:09:35.309 [info] Got 0 sessions for ...
2026-02-12 18:09:35.309 [info] Getting sessions for all scopes...
2026-02-12 18:09:35.309 [info] Got 0 sessions for ...
2026-02-12 18:09:35.316 [info] Getting sessions for all scopes...
2026-02-12 18:09:35.316 [info] Got 0 sessions for ...
2026-02-12 18:09:35.777 [info] Getting sessions for read:user,repo,user:email,workflow...
2026-02-12 18:09:35.777 [info] Got 0 sessions for read:user,repo,user:email,workflow...
2026-02-12 18:09:37.015 [info] Getting sessions for all scopes...
2026-02-12 18:09:37.015 [info] Got 0 sessions for ...
