2026-02-12 18:02:40.720 [info] [main] Log level: Info
2026-02-12 18:02:40.720 [info] [main] Validating found git in: "git"
2026-02-12 18:02:40.720 [info] [main] Using git "2.53.0" from "git"
2026-02-12 18:02:40.720 [info] [Model][doInitialScan] Initial repository scan started
2026-02-12 18:02:40.720 [info] > git rev-parse --show-toplevel [6ms]
2026-02-12 18:02:40.720 [info] > git rev-parse --git-dir --git-common-dir --show-superproject-working-tree [2ms]
2026-02-12 18:02:40.733 [info] [Model][openRepository] Opened repository (path): /home/joe/my-configs
2026-02-12 18:02:40.733 [info] [Model][openRepository] Opened repository (real path): /home/joe/my-configs
2026-02-12 18:02:40.733 [info] [Model][openRepository] Opened repository (kind): repository
2026-02-12 18:02:40.741 [info] > git config --get commit.template [2ms]
2026-02-12 18:02:40.750 [info] > git rev-parse --show-toplevel [1ms]
2026-02-12 18:02:40.751 [info] > git for-each-ref --format=%(refname)%00%(upstream:short)%00%(objectname)%00%(upstream:track)%00%(upstream:remotename)%00%(upstream:remoteref) refs/heads/main refs/remotes/main [6ms]
2026-02-12 18:02:40.764 [info] > git status -z -uall [5ms]
2026-02-12 18:02:40.764 [info] > git rev-parse --show-toplevel [9ms]
2026-02-12 18:02:40.768 [info] > git for-each-ref --sort -committerdate --format %(refname)%00%(objectname)%00%(*objectname) [5ms]
2026-02-12 18:02:40.793 [info] > git for-each-ref --format=%(refname)%00%(upstream:short)%00%(objectname)%00%(upstream:track)%00%(upstream:remotename)%00%(upstream:remoteref) refs/heads/main refs/remotes/main [5ms]
2026-02-12 18:02:40.796 [info] > git rev-parse --show-toplevel [29ms]
2026-02-12 18:02:40.801 [info] > git config --get --local branch.main.vscode-merge-base [5ms]
2026-02-12 18:02:40.805 [info] > git config --get commit.template [12ms]
2026-02-12 18:02:40.805 [info] > git for-each-ref --format=%(refname)%00%(upstream:short)%00%(objectname)%00%(upstream:track)%00%(upstream:remotename)%00%(upstream:remoteref) refs/heads/origin/main refs/remotes/origin/main [1ms]
2026-02-12 18:02:40.810 [info] > git rev-parse --show-toplevel [10ms]
2026-02-12 18:02:40.817 [info] > git merge-base refs/heads/main refs/remotes/origin/main [7ms]
2026-02-12 18:02:40.822 [info] > git rev-parse --show-toplevel [5ms]
2026-02-12 18:02:40.822 [info] > git for-each-ref --format=%(refname)%00%(upstream:short)%00%(objectname)%00%(upstream:track)%00%(upstream:remotename)%00%(upstream:remoteref) refs/heads/main refs/remotes/main [8ms]
2026-02-12 18:02:40.826 [info] > git diff --raw --numstat --diff-filter=ADMR -z --find-renames=50% 87c8161b1f7302feb61052afccaaf0970130c746...refs/remotes/origin/main -- [6ms]
2026-02-12 18:02:40.827 [info] > git rev-parse --show-toplevel [2ms]
2026-02-12 18:02:40.838 [info] > git status -z -uall [5ms]
2026-02-12 18:02:40.839 [info] > git rev-parse --show-toplevel [9ms]
2026-02-12 18:02:40.843 [info] > git for-each-ref --sort -committerdate --format %(refname)%00%(objectname)%00%(*objectname) [5ms]
2026-02-12 18:02:40.848 [info] > git rev-parse --show-toplevel [6ms]
2026-02-12 18:02:40.854 [info] > git rev-parse --show-toplevel [2ms]
2026-02-12 18:02:40.859 [info] > git rev-parse --show-toplevel [1ms]
2026-02-12 18:02:40.863 [info] > git rev-parse --show-toplevel [1ms]
2026-02-12 18:02:40.866 [info] > git rev-parse --show-toplevel [1ms]
2026-02-12 18:02:40.870 [info] > git rev-parse --show-toplevel [1ms]
2026-02-12 18:02:40.874 [info] > git rev-parse --show-toplevel [1ms]
2026-02-12 18:02:40.878 [info] > git rev-parse --show-toplevel [1ms]
2026-02-12 18:02:40.882 [info] > git rev-parse --show-toplevel [1ms]
2026-02-12 18:02:40.885 [info] > git rev-parse --show-toplevel [1ms]
2026-02-12 18:02:40.888 [info] [Model][doInitialScan] Initial repository scan completed - repositories (1), closed repositories (0), parent repositories (0), unsafe repositories (0)
2026-02-12 18:02:41.256 [info] > git check-ignore -v -z --stdin [1ms]
2026-02-12 18:02:45.495 [info] > git check-ignore -v -z --stdin [1ms]
2026-02-12 18:02:45.505 [info] > git show --textconv :packages.txt [4ms]
2026-02-12 18:02:45.506 [info] > git ls-files --stage -- packages.txt [1ms]
2026-02-12 18:02:45.510 [info] > git cat-file -s 22e246834fd8e8e368e5f2cad34d4a597affbfe0 [1ms]
2026-02-12 18:02:46.182 [info] > git blame --root --incremental 87c8161b1f7302feb61052afccaaf0970130c746 -- packages.txt [6ms]
2026-02-12 18:02:53.897 [info] > git check-ignore -v -z --stdin [1ms]
2026-02-12 18:02:55.803 [info] > git config --get commit.template [5ms]
2026-02-12 18:02:55.804 [info] > git for-each-ref --format=%(refname)%00%(upstream:short)%00%(objectname)%00%(upstream:track)%00%(upstream:remotename)%00%(upstream:remoteref) refs/heads/main refs/remotes/main [2ms]
2026-02-12 18:02:55.810 [info] > git status -z -uall [3ms]
2026-02-12 18:02:55.811 [info] > git for-each-ref --sort -committerdate --format %(refname)%00%(objectname)%00%(*objectname) [1ms]
2026-02-12 18:02:56.138 [info] > git check-ignore -v -z --stdin [4ms]
2026-02-12 18:02:58.327 [info] > git check-ignore -v -z --stdin [1ms]
2026-02-12 18:02:59.038 [info] > git check-ignore -v -z --stdin [5ms]
2026-02-12 18:02:59.343 [info] > git check-ignore -v -z --stdin [4ms]
2026-02-12 18:02:59.992 [info] > git check-ignore -v -z --stdin [1ms]
2026-02-12 18:03:00.485 [info] > git check-ignore -v -z --stdin [1ms]
2026-02-12 18:03:01.203 [info] > git check-ignore -v -z --stdin [5ms]
2026-02-12 18:03:01.498 [info] > git check-ignore -v -z --stdin [3ms]
2026-02-12 18:03:02.381 [info] > git check-ignore -v -z --stdin [2ms]
2026-02-12 18:03:09.073 [info] > git config --get commit.template [9ms]
2026-02-12 18:03:09.074 [info] > git for-each-ref --format=%(refname)%00%(upstream:short)%00%(objectname)%00%(upstream:track)%00%(upstream:remotename)%00%(upstream:remoteref) refs/heads/main refs/remotes/main [2ms]
2026-02-12 18:03:09.083 [info] > git status -z -uall [4ms]
2026-02-12 18:03:09.084 [info] > git for-each-ref --sort -committerdate --format %(refname)%00%(objectname)%00%(*objectname) [2ms]
2026-02-12 18:03:10.786 [info] > git check-ignore -v -z --stdin [2ms]
2026-02-12 18:03:11.294 [info] > git check-ignore -v -z --stdin [1ms]
2026-02-12 18:03:12.505 [info] > git check-ignore -v -z --stdin [3ms]
2026-02-12 18:03:12.784 [info] > git check-ignore -v -z --stdin [3ms]
2026-02-12 18:03:13.051 [info] > git check-ignore -v -z --stdin [1ms]
2026-02-12 18:03:13.287 [info] > git check-ignore -v -z --stdin [2ms]
2026-02-12 18:03:14.074 [info] > git check-ignore -v -z --stdin [1ms]
2026-02-12 18:03:14.094 [info] > git config --get commit.template [3ms]
2026-02-12 18:03:14.095 [info] > git for-each-ref --format=%(refname)%00%(upstream:short)%00%(objectname)%00%(upstream:track)%00%(upstream:remotename)%00%(upstream:remoteref) refs/heads/main refs/remotes/main [1ms]
2026-02-12 18:03:14.103 [info] > git status -z -uall [4ms]
2026-02-12 18:03:14.104 [info] > git for-each-ref --sort -committerdate --format %(refname)%00%(objectname)%00%(*objectname) [2ms]
2026-02-12 18:03:14.671 [info] > git check-ignore -v -z --stdin [3ms]
2026-02-12 18:03:15.028 [info] > git check-ignore -v -z --stdin [2ms]
2026-02-12 18:03:15.808 [info] > git check-ignore -v -z --stdin [2ms]
2026-02-12 18:03:16.053 [info] > git check-ignore -v -z --stdin [5ms]
2026-02-12 18:03:19.136 [info] > git config --get commit.template [13ms]
2026-02-12 18:03:19.138 [info] > git for-each-ref --format=%(refname)%00%(upstream:short)%00%(objectname)%00%(upstream:track)%00%(upstream:remotename)%00%(upstream:remoteref) refs/heads/main refs/remotes/main [5ms]
2026-02-12 18:03:19.160 [info] > git status -z -uall [11ms]
2026-02-12 18:03:19.162 [info] > git for-each-ref --sort -committerdate --format %(refname)%00%(objectname)%00%(*objectname) [3ms]
2026-02-12 18:03:21.219 [info] > git check-ignore -v -z --stdin [4ms]
2026-02-12 18:03:24.183 [info] > git config --get commit.template [4ms]
2026-02-12 18:03:24.184 [info] > git for-each-ref --format=%(refname)%00%(upstream:short)%00%(objectname)%00%(upstream:track)%00%(upstream:remotename)%00%(upstream:remoteref) refs/heads/main refs/remotes/main [1ms]
2026-02-12 18:03:24.190 [info] > git status -z -uall [3ms]
2026-02-12 18:03:24.191 [info] > git for-each-ref --sort -committerdate --format %(refname)%00%(objectname)%00%(*objectname) [1ms]
2026-02-12 18:03:38.005 [info] > git check-ignore -v -z --stdin [2ms]
2026-02-12 18:03:38.585 [info] > git check-ignore -v -z --stdin [4ms]
2026-02-12 18:03:38.848 [info] > git check-ignore -v -z --stdin [1ms]
2026-02-12 18:03:39.831 [info] > git check-ignore -v -z --stdin [2ms]
2026-02-12 18:03:40.394 [info] > git check-ignore -v -z --stdin [3ms]
2026-02-12 18:03:41.280 [info] > git check-ignore -v -z --stdin [1ms]
2026-02-12 18:03:41.578 [info] > git check-ignore -v -z --stdin [4ms]
2026-02-12 18:03:42.025 [info] > git check-ignore -v -z --stdin [3ms]
2026-02-12 18:03:43.915 [info] > git config --get commit.template [10ms]
2026-02-12 18:03:43.916 [info] > git for-each-ref --format=%(refname)%00%(upstream:short)%00%(objectname)%00%(upstream:track)%00%(upstream:remotename)%00%(upstream:remoteref) refs/heads/main refs/remotes/main [4ms]
2026-02-12 18:03:43.931 [info] > git status -z -uall [8ms]
2026-02-12 18:03:43.933 [info] > git for-each-ref --sort -committerdate --format %(refname)%00%(objectname)%00%(*objectname) [3ms]
2026-02-12 18:03:48.348 [info] > git check-ignore -v -z --stdin [3ms]
2026-02-12 18:03:50.223 [info] > git config --get commit.template [3ms]
2026-02-12 18:03:50.223 [info] > git for-each-ref --format=%(refname)%00%(upstream:short)%00%(objectname)%00%(upstream:track)%00%(upstream:remotename)%00%(upstream:remoteref) refs/heads/main refs/remotes/main [1ms]
2026-02-12 18:03:50.229 [info] > git status -z -uall [3ms]
2026-02-12 18:03:50.230 [info] > git for-each-ref --sort -committerdate --format %(refname)%00%(objectname)%00%(*objectname) [1ms]
2026-02-12 18:03:51.126 [info] > git check-ignore -v -z --stdin [4ms]
2026-02-12 18:03:52.155 [info] > git check-ignore -v -z --stdin [4ms]
2026-02-12 18:03:52.660 [info] > git check-ignore -v -z --stdin [2ms]
2026-02-12 18:03:55.237 [info] > git check-ignore -v -z --stdin [5ms]
2026-02-12 18:03:55.238 [info] > git config --get commit.template [2ms]
2026-02-12 18:03:55.242 [info] > git for-each-ref --format=%(refname)%00%(upstream:short)%00%(objectname)%00%(upstream:track)%00%(upstream:remotename)%00%(upstream:remoteref) refs/heads/main refs/remotes/main [1ms]
2026-02-12 18:03:55.249 [info] > git status -z -uall [4ms]
2026-02-12 18:03:55.249 [info] > git for-each-ref --sort -committerdate --format %(refname)%00%(objectname)%00%(*objectname) [1ms]
2026-02-12 18:03:55.486 [info] > git check-ignore -v -z --stdin [2ms]
2026-02-12 18:03:56.444 [info] > git check-ignore -v -z --stdin [4ms]
2026-02-12 18:03:57.577 [info] > git check-ignore -v -z --stdin [3ms]
2026-02-12 18:04:00.259 [info] > git config --get commit.template [3ms]
2026-02-12 18:04:00.259 [info] > git for-each-ref --format=%(refname)%00%(upstream:short)%00%(objectname)%00%(upstream:track)%00%(upstream:remotename)%00%(upstream:remoteref) refs/heads/main refs/remotes/main [1ms]
2026-02-12 18:04:00.265 [info] > git status -z -uall [3ms]
2026-02-12 18:04:00.266 [info] > git for-each-ref --sort -committerdate --format %(refname)%00%(objectname)%00%(*objectname) [1ms]
2026-02-12 18:04:00.699 [info] > git check-ignore -v -z --stdin [4ms]
2026-02-12 18:04:01.564 [info] > git check-ignore -v -z --stdin [1ms]
2026-02-12 18:07:21.496 [info] > git config --get commit.template [6ms]
2026-02-12 18:07:21.497 [info] > git for-each-ref --format=%(refname)%00%(upstream:short)%00%(objectname)%00%(upstream:track)%00%(upstream:remotename)%00%(upstream:remoteref) refs/heads/main refs/remotes/main [2ms]
2026-02-12 18:07:21.507 [info] > git status -z -uall [7ms]
2026-02-12 18:07:21.508 [info] > git for-each-ref --sort -committerdate --format %(refname)%00%(objectname)%00%(*objectname) [2ms]
2026-02-12 18:08:07.328 [info] > git check-ignore -v -z --stdin [4ms]
2026-02-12 18:08:08.913 [info] > git check-ignore -v -z --stdin [4ms]
2026-02-12 18:08:09.207 [info] > git config --get commit.template [6ms]
2026-02-12 18:08:09.208 [info] > git for-each-ref --format=%(refname)%00%(upstream:short)%00%(objectname)%00%(upstream:track)%00%(upstream:remotename)%00%(upstream:remoteref) refs/heads/main refs/remotes/main [3ms]
2026-02-12 18:08:09.215 [info] > git status -z -uall [3ms]
2026-02-12 18:08:09.216 [info] > git for-each-ref --sort -committerdate --format %(refname)%00%(objectname)%00%(*objectname) [2ms]
2026-02-12 18:08:13.339 [info] > git check-ignore -v -z --stdin [2ms]
2026-02-12 18:08:13.911 [info] > git check-ignore -v -z --stdin [1ms]
2026-02-12 18:08:14.244 [info] > git config --get commit.template [13ms]
2026-02-12 18:08:14.246 [info] > git for-each-ref --format=%(refname)%00%(upstream:short)%00%(objectname)%00%(upstream:track)%00%(upstream:remotename)%00%(upstream:remoteref) refs/heads/main refs/remotes/main [5ms]
2026-02-12 18:08:14.269 [info] > git status -z -uall [12ms]
2026-02-12 18:08:14.273 [info] > git for-each-ref --sort -committerdate --format %(refname)%00%(objectname)%00%(*objectname) [5ms]
2026-02-12 18:08:14.871 [info] > git check-ignore -v -z --stdin [4ms]
2026-02-12 18:08:15.981 [info] > git check-ignore -v -z --stdin [2ms]
2026-02-12 18:08:16.699 [info] > git check-ignore -v -z --stdin [4ms]
2026-02-12 18:08:17.095 [info] > git check-ignore -v -z --stdin [1ms]
2026-02-12 18:08:19.291 [info] > git config --get commit.template [6ms]
2026-02-12 18:08:19.292 [info] > git for-each-ref --format=%(refname)%00%(upstream:short)%00%(objectname)%00%(upstream:track)%00%(upstream:remotename)%00%(upstream:remoteref) refs/heads/main refs/remotes/main [2ms]
2026-02-12 18:08:19.303 [info] > git status -z -uall [6ms]
2026-02-12 18:08:19.304 [info] > git for-each-ref --sort -committerdate --format %(refname)%00%(objectname)%00%(*objectname) [2ms]
2026-02-12 18:08:21.840 [info] > git check-ignore -v -z --stdin [3ms]
2026-02-12 18:08:25.598 [info] > git check-ignore -v -z --stdin [7ms]
2026-02-12 18:08:25.599 [info] > git check-ignore -v -z --stdin [3ms]
2026-02-12 18:08:27.485 [info] > git config --get commit.template [3ms]
2026-02-12 18:08:27.486 [info] > git for-each-ref --format=%(refname)%00%(upstream:short)%00%(objectname)%00%(upstream:track)%00%(upstream:remotename)%00%(upstream:remoteref) refs/heads/main refs/remotes/main [1ms]
2026-02-12 18:08:27.492 [info] > git status -z -uall [3ms]
2026-02-12 18:08:27.493 [info] > git for-each-ref --sort -committerdate --format %(refname)%00%(objectname)%00%(*objectname) [1ms]
2026-02-12 18:08:35.749 [info] > git check-ignore -v -z --stdin [1ms]
2026-02-12 18:08:36.278 [info] > git check-ignore -v -z --stdin [4ms]
2026-02-12 18:08:36.564 [info] > git check-ignore -v -z --stdin [1ms]
2026-02-12 18:08:37.050 [info] > git check-ignore -v -z --stdin [1ms]
2026-02-12 18:08:38.942 [info] > git config --get commit.template [4ms]
2026-02-12 18:08:38.957 [info] > git for-each-ref --format=%(refname)%00%(upstream:short)%00%(objectname)%00%(upstream:track)%00%(upstream:remotename)%00%(upstream:remoteref) refs/heads/main refs/remotes/main [4ms]
2026-02-12 18:08:38.979 [info] > git status -z -uall [12ms]
2026-02-12 18:08:38.982 [info] > git for-each-ref --sort -committerdate --format %(refname)%00%(objectname)%00%(*objectname) [5ms]
2026-02-12 18:20:35.915 [info] > git check-ignore -v -z --stdin [4ms]
2026-02-12 18:20:35.945 [info] > git show --textconv :packages.txt [11ms]
2026-02-12 18:20:35.947 [info] > git ls-files --stage -- packages.txt [2ms]
2026-02-12 18:20:35.954 [info] > git cat-file -s 22e246834fd8e8e368e5f2cad34d4a597affbfe0 [2ms]
2026-02-12 18:20:37.911 [info] > git check-ignore -v -z --stdin [5ms]
2026-02-12 18:20:37.931 [info] > git show --textconv :packages.txt [7ms]
2026-02-12 18:20:37.933 [info] > git ls-files --stage -- packages.txt [3ms]
2026-02-12 18:20:37.939 [info] > git cat-file -s 22e246834fd8e8e368e5f2cad34d4a597affbfe0 [2ms]
2026-02-12 18:20:43.236 [info] > git check-ignore -v -z --stdin [4ms]
2026-02-12 18:20:43.649 [info] > git check-ignore -v -z --stdin [3ms]
2026-02-12 18:20:45.523 [info] > git config --get commit.template [4ms]
2026-02-12 18:20:45.523 [info] > git for-each-ref --format=%(refname)%00%(upstream:short)%00%(objectname)%00%(upstream:track)%00%(upstream:remotename)%00%(upstream:remoteref) refs/heads/main refs/remotes/main [1ms]
2026-02-12 18:20:45.529 [info] > git status -z -uall [3ms]
2026-02-12 18:20:45.530 [info] > git for-each-ref --sort -committerdate --format %(refname)%00%(objectname)%00%(*objectname) [1ms]
2026-02-12 18:20:51.226 [info] > git check-ignore -v -z --stdin [4ms]
2026-02-12 18:20:52.508 [info] > git check-ignore -v -z --stdin [3ms]
2026-02-12 18:20:52.805 [info] > git check-ignore -v -z --stdin [1ms]
2026-02-12 18:20:53.110 [info] > git config --get commit.template [6ms]
2026-02-12 18:20:53.111 [info] > git for-each-ref --format=%(refname)%00%(upstream:short)%00%(objectname)%00%(upstream:track)%00%(upstream:remotename)%00%(upstream:remoteref) refs/heads/main refs/remotes/main [2ms]
2026-02-12 18:20:53.121 [info] > git status -z -uall [5ms]
2026-02-12 18:20:53.122 [info] > git for-each-ref --sort -committerdate --format %(refname)%00%(objectname)%00%(*objectname) [1ms]
2026-02-12 18:20:55.794 [info] > git check-ignore -v -z --stdin [4ms]
2026-02-12 18:20:56.005 [info] > git check-ignore -v -z --stdin [3ms]
2026-02-12 18:20:57.784 [info] > git check-ignore -v -z --stdin [2ms]
2026-02-12 18:20:58.016 [info] > git check-ignore -v -z --stdin [3ms]
2026-02-12 18:20:58.150 [info] > git config --get commit.template [12ms]
2026-02-12 18:20:58.153 [info] > git for-each-ref --format=%(refname)%00%(upstream:short)%00%(objectname)%00%(upstream:track)%00%(upstream:remotename)%00%(upstream:remoteref) refs/heads/main refs/remotes/main [5ms]
2026-02-12 18:20:58.175 [info] > git status -z -uall [11ms]
2026-02-12 18:20:58.178 [info] > git for-each-ref --sort -committerdate --format %(refname)%00%(objectname)%00%(*objectname) [5ms]
2026-02-12 18:21:00.552 [info] > git check-ignore -v -z --stdin [1ms]
2026-02-12 18:21:01.363 [info] > git check-ignore -v -z --stdin [4ms]
2026-02-12 18:21:02.883 [info] > git check-ignore -v -z --stdin [4ms]
2026-02-12 18:21:03.137 [info] > git check-ignore -v -z --stdin [3ms]
2026-02-12 18:21:03.210 [info] > git config --get commit.template [14ms]
2026-02-12 18:21:03.211 [info] > git for-each-ref --format=%(refname)%00%(upstream:short)%00%(objectname)%00%(upstream:track)%00%(upstream:remotename)%00%(upstream:remoteref) refs/heads/main refs/remotes/main [5ms]
2026-02-12 18:21:03.234 [info] > git status -z -uall [12ms]
2026-02-12 18:21:03.237 [info] > git for-each-ref --sort -committerdate --format %(refname)%00%(objectname)%00%(*objectname) [4ms]
2026-02-12 18:21:05.027 [info] > git check-ignore -v -z --stdin [4ms]
2026-02-12 18:21:08.258 [info] > git config --get commit.template [5ms]
2026-02-12 18:21:08.259 [info] > git for-each-ref --format=%(refname)%00%(upstream:short)%00%(objectname)%00%(upstream:track)%00%(upstream:remotename)%00%(upstream:remoteref) refs/heads/main refs/remotes/main [2ms]
2026-02-12 18:21:08.269 [info] > git status -z -uall [6ms]
2026-02-12 18:21:08.270 [info] > git for-each-ref --sort -committerdate --format %(refname)%00%(objectname)%00%(*objectname) [2ms]
2026-02-12 18:21:09.378 [info] > git check-ignore -v -z --stdin [4ms]
2026-02-12 18:21:12.605 [info] > git check-ignore -v -z --stdin [4ms]
2026-02-12 18:21:13.280 [info] > git config --get commit.template [3ms]
2026-02-12 18:21:13.280 [info] > git for-each-ref --format=%(refname)%00%(upstream:short)%00%(objectname)%00%(upstream:track)%00%(upstream:remotename)%00%(upstream:remoteref) refs/heads/main refs/remotes/main [1ms]
2026-02-12 18:21:13.287 [info] > git status -z -uall [4ms]
2026-02-12 18:21:13.288 [info] > git for-each-ref --sort -committerdate --format %(refname)%00%(objectname)%00%(*objectname) [2ms]
2026-02-12 18:21:14.589 [info] > git check-ignore -v -z --stdin [4ms]
2026-02-12 18:21:14.883 [info] > git check-ignore -v -z --stdin [1ms]
2026-02-12 18:21:18.159 [info] > git check-ignore -v -z --stdin [4ms]
2026-02-12 18:21:18.315 [info] > git config --get commit.template [14ms]
2026-02-12 18:21:18.317 [info] > git for-each-ref --format=%(refname)%00%(upstream:short)%00%(objectname)%00%(upstream:track)%00%(upstream:remotename)%00%(upstream:remoteref) refs/heads/main refs/remotes/main [5ms]
2026-02-12 18:21:18.341 [info] > git status -z -uall [13ms]
2026-02-12 18:21:18.344 [info] > git for-each-ref --sort -committerdate --format %(refname)%00%(objectname)%00%(*objectname) [4ms]
2026-02-12 18:21:18.438 [info] > git check-ignore -v -z --stdin [3ms]
2026-02-12 18:21:19.122 [info] > git check-ignore -v -z --stdin [4ms]
2026-02-12 18:21:19.347 [info] > git check-ignore -v -z --stdin [3ms]
2026-02-12 18:21:19.833 [info] > git check-ignore -v -z --stdin [1ms]
2026-02-12 18:21:21.893 [info] > git check-ignore -v -z --stdin [2ms]
2026-02-12 18:21:22.246 [info] > git check-ignore -v -z --stdin [1ms]
2026-02-12 18:21:23.377 [info] > git config --get commit.template [12ms]
2026-02-12 18:21:23.379 [info] > git for-each-ref --format=%(refname)%00%(upstream:short)%00%(objectname)%00%(upstream:track)%00%(upstream:remotename)%00%(upstream:remoteref) refs/heads/main refs/remotes/main [4ms]
2026-02-12 18:21:23.402 [info] > git status -z -uall [11ms]
2026-02-12 18:21:23.405 [info] > git for-each-ref --sort -committerdate --format %(refname)%00%(objectname)%00%(*objectname) [5ms]
2026-02-12 18:21:28.418 [info] > git config --get commit.template [3ms]
2026-02-12 18:21:28.419 [info] > git for-each-ref --format=%(refname)%00%(upstream:short)%00%(objectname)%00%(upstream:track)%00%(upstream:remotename)%00%(upstream:remoteref) refs/heads/main refs/remotes/main [1ms]
2026-02-12 18:21:28.427 [info] > git status -z -uall [3ms]
2026-02-12 18:21:28.428 [info] > git for-each-ref --sort -committerdate --format %(refname)%00%(objectname)%00%(*objectname) [1ms]
2026-02-12 18:21:38.421 [info] > git check-ignore -v -z --stdin [4ms]
2026-02-12 18:21:39.384 [info] > git check-ignore -v -z --stdin [3ms]
2026-02-12 18:21:39.751 [info] > git check-ignore -v -z --stdin [4ms]
2026-02-12 18:21:41.647 [info] > git config --get commit.template [15ms]
2026-02-12 18:21:41.650 [info] > git for-each-ref --format=%(refname)%00%(upstream:short)%00%(objectname)%00%(upstream:track)%00%(upstream:remotename)%00%(upstream:remoteref) refs/heads/main refs/remotes/main [5ms]
2026-02-12 18:21:41.660 [info] > git status -z -uall [4ms]
2026-02-12 18:21:41.661 [info] > git for-each-ref --sort -committerdate --format %(refname)%00%(objectname)%00%(*objectname) [2ms]
2026-02-12 18:21:41.832 [info] > git check-ignore -v -z --stdin [3ms]
2026-02-12 18:21:46.680 [info] > git config --get commit.template [4ms]
2026-02-12 18:21:46.680 [info] > git for-each-ref --format=%(refname)%00%(upstream:short)%00%(objectname)%00%(upstream:track)%00%(upstream:remotename)%00%(upstream:remoteref) refs/heads/main refs/remotes/main [1ms]
2026-02-12 18:21:46.687 [info] > git status -z -uall [4ms]
2026-02-12 18:21:46.687 [info] > git for-each-ref --sort -committerdate --format %(refname)%00%(objectname)%00%(*objectname) [1ms]
2026-02-12 18:21:47.713 [info] > git check-ignore -v -z --stdin [3ms]
2026-02-12 18:21:48.112 [info] > git check-ignore -v -z --stdin [3ms]
2026-02-12 18:21:48.442 [info] > git check-ignore -v -z --stdin [1ms]
2026-02-12 18:21:50.134 [info] > git check-ignore -v -z --stdin [4ms]
2026-02-12 18:21:51.695 [info] > git config --get commit.template [3ms]
2026-02-12 18:21:51.695 [info] > git for-each-ref --format=%(refname)%00%(upstream:short)%00%(objectname)%00%(upstream:track)%00%(upstream:remotename)%00%(upstream:remoteref) refs/heads/main refs/remotes/main [1ms]
2026-02-12 18:21:51.702 [info] > git status -z -uall [4ms]
2026-02-12 18:21:51.703 [info] > git for-each-ref --sort -committerdate --format %(refname)%00%(objectname)%00%(*objectname) [1ms]
2026-02-12 18:21:53.311 [info] > git check-ignore -v -z --stdin [1ms]
2026-02-12 18:21:53.949 [info] > git check-ignore -v -z --stdin [4ms]
2026-02-12 18:21:54.234 [info] > git check-ignore -v -z --stdin [1ms]
2026-02-12 18:21:54.643 [info] > git check-ignore -v -z --stdin [4ms]
2026-02-12 18:21:55.901 [info] > git check-ignore -v -z --stdin [1ms]
2026-02-12 18:21:56.723 [info] > git config --get commit.template [6ms]
2026-02-12 18:21:56.740 [info] > git for-each-ref --format=%(refname)%00%(upstream:short)%00%(objectname)%00%(upstream:track)%00%(upstream:remotename)%00%(upstream:remoteref) refs/heads/main refs/remotes/main [4ms]
2026-02-12 18:21:56.756 [info] > git status -z -uall [4ms]
2026-02-12 18:21:56.757 [info] > git for-each-ref --sort -committerdate --format %(refname)%00%(objectname)%00%(*objectname) [1ms]
2026-02-12 18:21:59.762 [info] > git check-ignore -v -z --stdin [1ms]
2026-02-12 18:22:01.784 [info] > git config --get commit.template [12ms]
2026-02-12 18:22:01.787 [info] > git for-each-ref --format=%(refname)%00%(upstream:short)%00%(objectname)%00%(upstream:track)%00%(upstream:remotename)%00%(upstream:remoteref) refs/heads/main refs/remotes/main [5ms]
2026-02-12 18:22:01.809 [info] > git status -z -uall [12ms]
2026-02-12 18:22:01.812 [info] > git for-each-ref --sort -committerdate --format %(refname)%00%(objectname)%00%(*objectname) [5ms]
2026-02-12 18:22:08.757 [info] > git check-ignore -v -z --stdin [4ms]
2026-02-12 18:22:10.638 [info] > git config --get commit.template [4ms]
2026-02-12 18:22:10.639 [info] > git for-each-ref --format=%(refname)%00%(upstream:short)%00%(objectname)%00%(upstream:track)%00%(upstream:remotename)%00%(upstream:remoteref) refs/heads/main refs/remotes/main [2ms]
2026-02-12 18:22:10.645 [info] > git status -z -uall [3ms]
2026-02-12 18:22:10.646 [info] > git for-each-ref --sort -committerdate --format %(refname)%00%(objectname)%00%(*objectname) [1ms]
2026-02-13 01:17:59.658 [info] > git check-ignore -v -z --stdin [2ms]
2026-02-13 01:17:59.965 [info] > git show --textconv :README.md [9ms]
2026-02-13 01:18:00.092 [info] > git ls-files --stage -- README.md [130ms]
2026-02-13 01:18:00.109 [info] > git cat-file -s b312966e68b41b2dd4da9ea29b7976bfb0608d22 [12ms]
2026-02-13 01:18:18.523 [info] > git check-ignore -v -z --stdin [0ms]
2026-02-13 01:18:18.532 [info] > git show --textconv :tasks.md [4ms]
2026-02-13 01:18:18.535 [info] > git ls-files --stage -- tasks.md [4ms]
2026-02-13 01:18:18.539 [info] > git hash-object -t tree /dev/null [4ms]
2026-02-13 01:18:18.539 [warning] [GitFileSystemProvider][readFile] File not found - git:/home/joe/my-configs/tasks.md.git?%7B%22path%22%3A%22%2Fhome%2Fjoe%2Fmy-configs%2Ftasks.md%22%2C%22ref%22%3A%22%22%7D
2026-02-13 01:18:18.539 [info] > git hash-object -t tree /dev/null [1ms]
2026-02-13 01:18:18.539 [warning] [GitFileSystemProvider][stat] File not found - git:/home/joe/my-configs/tasks.md.git?%7B%22path%22%3A%22%2Fhome%2Fjoe%2Fmy-configs%2Ftasks.md%22%2C%22ref%22%3A%22%22%7D
2026-02-13 01:18:18.816 [info] > git check-ignore -v -z --stdin [1ms]
2026-02-13 01:18:19.374 [info] > git config --get commit.template [3ms]
2026-02-13 01:18:19.375 [info] > git for-each-ref --format=%(refname)%00%(upstream:short)%00%(objectname)%00%(upstream:track)%00%(upstream:remotename)%00%(upstream:remoteref) refs/heads/main refs/remotes/main [1ms]
2026-02-13 01:18:19.381 [info] > git status -z -uall [3ms]
2026-02-13 01:18:19.382 [info] > git for-each-ref --sort -committerdate --format %(refname)%00%(objectname)%00%(*objectname) [1ms]
2026-02-13 01:18:22.079 [info] > git check-ignore -v -z --stdin [2ms]
2026-02-13 01:18:22.093 [info] > git show --textconv :README.md [6ms]
2026-02-13 01:18:22.094 [info] > git ls-files --stage -- README.md [2ms]
2026-02-13 01:18:22.098 [info] > git cat-file -s b312966e68b41b2dd4da9ea29b7976bfb0608d22 [1ms]
2026-02-13 01:18:34.186 [info] > git blame --root --incremental 87c8161b1f7302feb61052afccaaf0970130c746 -- README.md [9ms]
2026-02-13 01:18:44.058 [info] > git check-ignore -v -z --stdin [1ms]
2026-02-13 01:18:45.938 [info] > git config --get commit.template [1ms]
2026-02-13 01:18:45.943 [info] > git for-each-ref --format=%(refname)%00%(upstream:short)%00%(objectname)%00%(upstream:track)%00%(upstream:remotename)%00%(upstream:remoteref) refs/heads/main refs/remotes/main [2ms]
2026-02-13 01:18:45.949 [info] > git status -z -uall [3ms]
2026-02-13 01:18:45.950 [info] > git for-each-ref --sort -committerdate --format %(refname)%00%(objectname)%00%(*objectname) [1ms]
2026-02-13 01:18:46.455 [info] > git check-ignore -v -z --stdin [2ms]
2026-02-13 01:18:46.845 [info] > git check-ignore -v -z --stdin [7ms]
2026-02-13 01:18:50.968 [info] > git config --get commit.template [4ms]
2026-02-13 01:18:50.969 [info] > git for-each-ref --format=%(refname)%00%(upstream:short)%00%(objectname)%00%(upstream:track)%00%(upstream:remotename)%00%(upstream:remoteref) refs/heads/main refs/remotes/main [2ms]
2026-02-13 01:18:50.975 [info] > git status -z -uall [3ms]
2026-02-13 01:18:50.976 [info] > git for-each-ref --sort -committerdate --format %(refname)%00%(objectname)%00%(*objectname) [1ms]
2026-02-13 01:18:55.988 [info] > git config --get commit.template [5ms]
2026-02-13 01:18:55.989 [info] > git for-each-ref --format=%(refname)%00%(upstream:short)%00%(objectname)%00%(upstream:track)%00%(upstream:remotename)%00%(upstream:remoteref) refs/heads/main refs/remotes/main [2ms]
2026-02-13 01:18:55.996 [info] > git status -z -uall [4ms]
2026-02-13 01:18:55.997 [info] > git for-each-ref --sort -committerdate --format %(refname)%00%(objectname)%00%(*objectname) [2ms]
2026-02-13 01:19:01.008 [info] > git config --get commit.template [4ms]
2026-02-13 01:19:01.008 [info] > git for-each-ref --format=%(refname)%00%(upstream:short)%00%(objectname)%00%(upstream:track)%00%(upstream:remotename)%00%(upstream:remoteref) refs/heads/main refs/remotes/main [1ms]
2026-02-13 01:19:01.015 [info] > git status -z -uall [4ms]
2026-02-13 01:19:01.016 [info] > git for-each-ref --sort -committerdate --format %(refname)%00%(objectname)%00%(*objectname) [1ms]
2026-02-13 01:19:06.026 [info] > git config --get commit.template [3ms]
2026-02-13 01:19:06.027 [info] > git for-each-ref --format=%(refname)%00%(upstream:short)%00%(objectname)%00%(upstream:track)%00%(upstream:remotename)%00%(upstream:remoteref) refs/heads/main refs/remotes/main [1ms]
2026-02-13 01:19:06.034 [info] > git status -z -uall [3ms]
2026-02-13 01:19:06.035 [info] > git for-each-ref --sort -committerdate --format %(refname)%00%(objectname)%00%(*objectname) [1ms]
2026-02-13 01:19:11.066 [info] > git config --get commit.template [14ms]
2026-02-13 01:19:11.068 [info] > git for-each-ref --format=%(refname)%00%(upstream:short)%00%(objectname)%00%(upstream:track)%00%(upstream:remotename)%00%(upstream:remoteref) refs/heads/main refs/remotes/main [4ms]
2026-02-13 01:19:11.081 [info] > git status -z -uall [5ms]
2026-02-13 01:19:11.082 [info] > git for-each-ref --sort -committerdate --format %(refname)%00%(objectname)%00%(*objectname) [2ms]
2026-02-13 01:19:16.092 [info] > git config --get commit.template [4ms]
2026-02-13 01:19:16.093 [info] > git for-each-ref --format=%(refname)%00%(upstream:short)%00%(objectname)%00%(upstream:track)%00%(upstream:remotename)%00%(upstream:remoteref) refs/heads/main refs/remotes/main [1ms]
2026-02-13 01:19:16.100 [info] > git status -z -uall [4ms]
2026-02-13 01:19:16.101 [info] > git for-each-ref --sort -committerdate --format %(refname)%00%(objectname)%00%(*objectname) [1ms]
2026-02-13 01:20:06.426 [info] > git config --get commit.template [6ms]
2026-02-13 01:20:06.428 [info] > git for-each-ref --format=%(refname)%00%(upstream:short)%00%(objectname)%00%(upstream:track)%00%(upstream:remotename)%00%(upstream:remoteref) refs/heads/main refs/remotes/main [4ms]
2026-02-13 01:20:06.440 [info] > git status -z -uall [5ms]
2026-02-13 01:20:06.441 [info] > git for-each-ref --sort -committerdate --format %(refname)%00%(objectname)%00%(*objectname) [1ms]
2026-02-13 01:20:08.857 [info] > git log --format=%H%n%aN%n%aE%n%at%n%ct%n%P%n%D%n%B -z --shortstat --diff-merges=first-parent -n50 --skip=0 --topo-order --decorate=full --stdin [175ms]
2026-02-13 01:20:08.901 [info] > git merge-base main origin/main [1ms]
2026-02-13 01:20:10.240 [info] > git log --format=%H%n%aN%n%aE%n%at%n%ct%n%P%n%D%n%B -z --shortstat --diff-merges=first-parent -n50 --skip=0 --topo-order --decorate=full --stdin [153ms]
2026-02-13 01:20:10.257 [info] > git merge-base main origin/main [1ms]
2026-02-13 01:20:24.029 [info] > git config --get commit.template [3ms]
2026-02-13 01:20:24.030 [info] > git for-each-ref --format=%(refname)%00%(upstream:short)%00%(objectname)%00%(upstream:track)%00%(upstream:remotename)%00%(upstream:remoteref) refs/heads/main refs/remotes/main [1ms]
2026-02-13 01:20:24.036 [info] > git status -z -uall [3ms]
2026-02-13 01:20:24.037 [info] > git for-each-ref --sort -committerdate --format %(refname)%00%(objectname)%00%(*objectname) [1ms]
2026-02-13 01:20:39.345 [info] > git config --get commit.template [5ms]
2026-02-13 01:20:39.346 [info] > git for-each-ref --format=%(refname)%00%(upstream:short)%00%(objectname)%00%(upstream:track)%00%(upstream:remotename)%00%(upstream:remoteref) refs/heads/main refs/remotes/main [2ms]
2026-02-13 01:20:39.354 [info] > git status -z -uall [4ms]
2026-02-13 01:20:39.355 [info] > git for-each-ref --sort -committerdate --format %(refname)%00%(objectname)%00%(*objectname) [1ms]
2026-02-13 01:20:40.424 [info] > git log --format=%H%n%aN%n%aE%n%at%n%ct%n%P%n%D%n%B -z --shortstat --diff-merges=first-parent -n50 --skip=0 --topo-order --decorate=full --stdin [114ms]
2026-02-13 01:20:40.441 [info] > git merge-base main origin/main [1ms]
2026-02-13 01:22:33.856 [info] > git config --get commit.template [30ms]
2026-02-13 01:22:33.888 [info] > git for-each-ref --format=%(refname)%00%(upstream:short)%00%(objectname)%00%(upstream:track)%00%(upstream:remotename)%00%(upstream:remoteref) refs/heads/main refs/remotes/main [9ms]
2026-02-13 01:22:33.912 [info] > git status -z -uall [6ms]
2026-02-13 01:22:33.913 [info] > git for-each-ref --sort -committerdate --format %(refname)%00%(objectname)%00%(*objectname) [2ms]
2026-02-13 01:22:56.095 [info] > git config --get commit.template [6ms]
2026-02-13 01:22:56.096 [info] > git for-each-ref --format=%(refname)%00%(upstream:short)%00%(objectname)%00%(upstream:track)%00%(upstream:remotename)%00%(upstream:remoteref) refs/heads/main refs/remotes/main [2ms]
2026-02-13 01:22:56.107 [info] > git status -z -uall [5ms]
2026-02-13 01:22:56.107 [info] > git for-each-ref --sort -committerdate --format %(refname)%00%(objectname)%00%(*objectname) [1ms]
2026-02-13 01:23:50.911 [info] > git config --get commit.template [24ms]
2026-02-13 01:23:50.912 [info] > git for-each-ref --format=%(refname)%00%(upstream:short)%00%(objectname)%00%(upstream:track)%00%(upstream:remotename)%00%(upstream:remoteref) refs/heads/main refs/remotes/main [7ms]
2026-02-13 01:23:50.933 [info] > git status -z -uall [8ms]
2026-02-13 01:23:50.934 [info] > git for-each-ref --sort -committerdate --format %(refname)%00%(objectname)%00%(*objectname) [2ms]
2026-02-13 01:24:00.215 [info] > git config --get commit.template [6ms]
2026-02-13 01:24:00.216 [info] > git for-each-ref --format=%(refname)%00%(upstream:short)%00%(objectname)%00%(upstream:track)%00%(upstream:remotename)%00%(upstream:remoteref) refs/heads/main refs/remotes/main [1ms]
2026-02-13 01:24:00.227 [info] > git status -z -uall [5ms]
2026-02-13 01:24:00.228 [info] > git for-each-ref --sort -committerdate --format %(refname)%00%(objectname)%00%(*objectname) [1ms]
2026-02-13 01:24:06.222 [info] > git config --get commit.template [6ms]
2026-02-13 01:24:06.223 [info] > git for-each-ref --format=%(refname)%00%(upstream:short)%00%(objectname)%00%(upstream:track)%00%(upstream:remotename)%00%(upstream:remoteref) refs/heads/main refs/remotes/main [1ms]
2026-02-13 01:24:06.236 [info] > git status -z -uall [8ms]
2026-02-13 01:24:06.237 [info] > git for-each-ref --sort -committerdate --format %(refname)%00%(objectname)%00%(*objectname) [1ms]
2026-02-13 01:24:11.252 [info] > git config --get commit.template [6ms]
2026-02-13 01:24:11.253 [info] > git for-each-ref --format=%(refname)%00%(upstream:short)%00%(objectname)%00%(upstream:track)%00%(upstream:remotename)%00%(upstream:remoteref) refs/heads/main refs/remotes/main [1ms]
2026-02-13 01:24:11.263 [info] > git status -z -uall [5ms]
2026-02-13 01:24:11.264 [info] > git for-each-ref --sort -committerdate --format %(refname)%00%(objectname)%00%(*objectname) [2ms]
2026-02-13 01:24:16.278 [info] > git config --get commit.template [6ms]
2026-02-13 01:24:16.279 [info] > git for-each-ref --format=%(refname)%00%(upstream:short)%00%(objectname)%00%(upstream:track)%00%(upstream:remotename)%00%(upstream:remoteref) refs/heads/main refs/remotes/main [1ms]
2026-02-13 01:24:16.289 [info] > git status -z -uall [5ms]
2026-02-13 01:24:16.290 [info] > git for-each-ref --sort -committerdate --format %(refname)%00%(objectname)%00%(*objectname) [1ms]
2026-02-13 01:24:26.843 [info] > git config --get commit.template [5ms]
2026-02-13 01:24:26.852 [info] > git for-each-ref --format=%(refname)%00%(upstream:short)%00%(objectname)%00%(upstream:track)%00%(upstream:remotename)%00%(upstream:remoteref) refs/heads/main refs/remotes/main [1ms]
2026-02-13 01:24:26.864 [info] > git status -z -uall [6ms]
2026-02-13 01:24:26.865 [info] > git for-each-ref --sort -committerdate --format %(refname)%00%(objectname)%00%(*objectname) [2ms]
2026-02-13 01:24:31.880 [info] > git config --get commit.template [6ms]
2026-02-13 01:24:31.880 [info] > git for-each-ref --format=%(refname)%00%(upstream:short)%00%(objectname)%00%(upstream:track)%00%(upstream:remotename)%00%(upstream:remoteref) refs/heads/main refs/remotes/main [1ms]
2026-02-13 01:24:31.890 [info] > git status -z -uall [5ms]
2026-02-13 01:24:31.891 [info] > git for-each-ref --sort -committerdate --format %(refname)%00%(objectname)%00%(*objectname) [1ms]
2026-02-13 01:24:36.906 [info] > git config --get commit.template [6ms]
2026-02-13 01:24:36.906 [info] > git for-each-ref --format=%(refname)%00%(upstream:short)%00%(objectname)%00%(upstream:track)%00%(upstream:remotename)%00%(upstream:remoteref) refs/heads/main refs/remotes/main [1ms]
2026-02-13 01:24:36.917 [info] > git status -z -uall [6ms]
2026-02-13 01:24:36.918 [info] > git for-each-ref --sort -committerdate --format %(refname)%00%(objectname)%00%(*objectname) [2ms]
2026-02-13 01:24:41.933 [info] > git config --get commit.template [6ms]
2026-02-13 01:24:41.933 [info] > git for-each-ref --format=%(refname)%00%(upstream:short)%00%(objectname)%00%(upstream:track)%00%(upstream:remotename)%00%(upstream:remoteref) refs/heads/main refs/remotes/main [1ms]
2026-02-13 01:24:41.944 [info] > git status -z -uall [6ms]
2026-02-13 01:24:41.945 [info] > git for-each-ref --sort -committerdate --format %(refname)%00%(objectname)%00%(*objectname) [2ms]
2026-02-13 01:24:46.958 [info] > git config --get commit.template [6ms]
2026-02-13 01:24:46.958 [info] > git for-each-ref --format=%(refname)%00%(upstream:short)%00%(objectname)%00%(upstream:track)%00%(upstream:remotename)%00%(upstream:remoteref) refs/heads/main refs/remotes/main [1ms]
2026-02-13 01:24:46.968 [info] > git status -z -uall [5ms]
2026-02-13 01:24:46.969 [info] > git for-each-ref --sort -committerdate --format %(refname)%00%(objectname)%00%(*objectname) [1ms]
2026-02-13 01:24:51.983 [info] > git config --get commit.template [5ms]
2026-02-13 01:24:51.983 [info] > git for-each-ref --format=%(refname)%00%(upstream:short)%00%(objectname)%00%(upstream:track)%00%(upstream:remotename)%00%(upstream:remoteref) refs/heads/main refs/remotes/main [1ms]
2026-02-13 01:24:51.993 [info] > git status -z -uall [5ms]
2026-02-13 01:24:51.994 [info] > git for-each-ref --sort -committerdate --format %(refname)%00%(objectname)%00%(*objectname) [1ms]
2026-02-13 01:24:57.013 [info] > git config --get commit.template [8ms]
2026-02-13 01:24:57.014 [info] > git for-each-ref --format=%(refname)%00%(upstream:short)%00%(objectname)%00%(upstream:track)%00%(upstream:remotename)%00%(upstream:remoteref) refs/heads/main refs/remotes/main [3ms]
2026-02-13 01:24:57.033 [info] > git status -z -uall [9ms]
2026-02-13 01:24:57.035 [info] > git for-each-ref --sort -committerdate --format %(refname)%00%(objectname)%00%(*objectname) [3ms]
2026-02-13 01:25:03.036 [info] > git config --get commit.template [6ms]
2026-02-13 01:25:03.037 [info] > git for-each-ref --format=%(refname)%00%(upstream:short)%00%(objectname)%00%(upstream:track)%00%(upstream:remotename)%00%(upstream:remoteref) refs/heads/main refs/remotes/main [1ms]
2026-02-13 01:25:03.047 [info] > git status -z -uall [5ms]
2026-02-13 01:25:03.048 [info] > git for-each-ref --sort -committerdate --format %(refname)%00%(objectname)%00%(*objectname) [1ms]
2026-02-13 01:25:11.356 [info] > git config --get commit.template [6ms]
2026-02-13 01:25:11.357 [info] > git for-each-ref --format=%(refname)%00%(upstream:short)%00%(objectname)%00%(upstream:track)%00%(upstream:remotename)%00%(upstream:remoteref) refs/heads/main refs/remotes/main [1ms]
2026-02-13 01:25:11.367 [info] > git status -z -uall [5ms]
2026-02-13 01:25:11.368 [info] > git for-each-ref --sort -committerdate --format %(refname)%00%(objectname)%00%(*objectname) [1ms]
2026-02-13 01:25:16.408 [info] > git config --get commit.template [22ms]
2026-02-13 01:25:16.411 [info] > git for-each-ref --format=%(refname)%00%(upstream:short)%00%(objectname)%00%(upstream:track)%00%(upstream:remotename)%00%(upstream:remoteref) refs/heads/main refs/remotes/main [6ms]
2026-02-13 01:25:16.437 [info] > git status -z -uall [8ms]
2026-02-13 01:25:16.438 [info] > git for-each-ref --sort -committerdate --format %(refname)%00%(objectname)%00%(*objectname) [2ms]
2026-02-13 01:25:21.457 [info] > git config --get commit.template [10ms]
2026-02-13 01:25:21.466 [info] > git for-each-ref --format=%(refname)%00%(upstream:short)%00%(objectname)%00%(upstream:track)%00%(upstream:remotename)%00%(upstream:remoteref) refs/heads/main refs/remotes/main [2ms]
2026-02-13 01:25:21.478 [info] > git status -z -uall [7ms]
2026-02-13 01:25:21.482 [info] > git for-each-ref --sort -committerdate --format %(refname)%00%(objectname)%00%(*objectname) [4ms]
2026-02-13 01:25:26.531 [info] > git for-each-ref --format=%(refname)%00%(upstream:short)%00%(objectname)%00%(upstream:track)%00%(upstream:remotename)%00%(upstream:remoteref) refs/heads/main refs/remotes/main [6ms]
2026-02-13 01:25:26.532 [info] > git config --get commit.template [27ms]
2026-02-13 01:25:26.553 [info] > git status -z -uall [9ms]
2026-02-13 01:25:26.553 [info] > git for-each-ref --sort -committerdate --format %(refname)%00%(objectname)%00%(*objectname) [2ms]
2026-02-13 01:25:31.567 [info] > git config --get commit.template [5ms]
2026-02-13 01:25:31.568 [info] > git for-each-ref --format=%(refname)%00%(upstream:short)%00%(objectname)%00%(upstream:track)%00%(upstream:remotename)%00%(upstream:remoteref) refs/heads/main refs/remotes/main [1ms]
2026-02-13 01:25:31.578 [info] > git status -z -uall [5ms]
2026-02-13 01:25:31.579 [info] > git for-each-ref --sort -committerdate --format %(refname)%00%(objectname)%00%(*objectname) [1ms]
2026-02-13 01:25:36.593 [info] > git config --get commit.template [5ms]
2026-02-13 01:25:36.593 [info] > git for-each-ref --format=%(refname)%00%(upstream:short)%00%(objectname)%00%(upstream:track)%00%(upstream:remotename)%00%(upstream:remoteref) refs/heads/main refs/remotes/main [1ms]
2026-02-13 01:25:36.603 [info] > git status -z -uall [5ms]
2026-02-13 01:25:36.604 [info] > git for-each-ref --sort -committerdate --format %(refname)%00%(objectname)%00%(*objectname) [1ms]
2026-02-13 01:25:41.619 [info] > git config --get commit.template [6ms]
2026-02-13 01:25:41.620 [info] > git for-each-ref --format=%(refname)%00%(upstream:short)%00%(objectname)%00%(upstream:track)%00%(upstream:remotename)%00%(upstream:remoteref) refs/heads/main refs/remotes/main [2ms]
2026-02-13 01:25:41.633 [info] > git status -z -uall [7ms]
2026-02-13 01:25:41.634 [info] > git for-each-ref --sort -committerdate --format %(refname)%00%(objectname)%00%(*objectname) [2ms]
2026-02-13 01:25:46.648 [info] > git config --get commit.template [6ms]
2026-02-13 01:25:46.649 [info] > git for-each-ref --format=%(refname)%00%(upstream:short)%00%(objectname)%00%(upstream:track)%00%(upstream:remotename)%00%(upstream:remoteref) refs/heads/main refs/remotes/main [1ms]
2026-02-13 01:25:46.659 [info] > git status -z -uall [5ms]
2026-02-13 01:25:46.660 [info] > git for-each-ref --sort -committerdate --format %(refname)%00%(objectname)%00%(*objectname) [1ms]
2026-02-13 01:25:51.705 [info] > git config --get commit.template [21ms]
2026-02-13 01:25:51.705 [info] > git for-each-ref --format=%(refname)%00%(upstream:short)%00%(objectname)%00%(upstream:track)%00%(upstream:remotename)%00%(upstream:remoteref) refs/heads/main refs/remotes/main [3ms]
2026-02-13 01:25:51.722 [info] > git status -z -uall [8ms]
2026-02-13 01:25:51.723 [info] > git for-each-ref --sort -committerdate --format %(refname)%00%(objectname)%00%(*objectname) [2ms]
2026-02-13 01:26:02.438 [info] > git config --get commit.template [6ms]
2026-02-13 01:26:02.439 [info] > git for-each-ref --format=%(refname)%00%(upstream:short)%00%(objectname)%00%(upstream:track)%00%(upstream:remotename)%00%(upstream:remoteref) refs/heads/main refs/remotes/main [1ms]
2026-02-13 01:26:02.451 [info] > git status -z -uall [6ms]
2026-02-13 01:26:02.452 [info] > git for-each-ref --sort -committerdate --format %(refname)%00%(objectname)%00%(*objectname) [1ms]
2026-02-13 01:26:07.467 [info] > git config --get commit.template [1ms]
2026-02-13 01:26:07.473 [info] > git for-each-ref --format=%(refname)%00%(upstream:short)%00%(objectname)%00%(upstream:track)%00%(upstream:remotename)%00%(upstream:remoteref) refs/heads/main refs/remotes/main [1ms]
2026-02-13 01:26:07.483 [info] > git status -z -uall [5ms]
2026-02-13 01:26:07.484 [info] > git for-each-ref --sort -committerdate --format %(refname)%00%(objectname)%00%(*objectname) [1ms]
2026-02-13 01:26:12.506 [info] > git config --get commit.template [11ms]
2026-02-13 01:26:12.508 [info] > git for-each-ref --format=%(refname)%00%(upstream:short)%00%(objectname)%00%(upstream:track)%00%(upstream:remotename)%00%(upstream:remoteref) refs/heads/main refs/remotes/main [3ms]
2026-02-13 01:26:12.522 [info] > git status -z -uall [5ms]
2026-02-13 01:26:12.522 [info] > git for-each-ref --sort -committerdate --format %(refname)%00%(objectname)%00%(*objectname) [1ms]
2026-02-13 01:26:17.535 [info] > git config --get commit.template [5ms]
2026-02-13 01:26:17.536 [info] > git for-each-ref --format=%(refname)%00%(upstream:short)%00%(objectname)%00%(upstream:track)%00%(upstream:remotename)%00%(upstream:remoteref) refs/heads/main refs/remotes/main [2ms]
2026-02-13 01:26:17.548 [info] > git status -z -uall [6ms]
2026-02-13 01:26:17.549 [info] > git for-each-ref --sort -committerdate --format %(refname)%00%(objectname)%00%(*objectname) [2ms]
2026-02-13 01:26:22.565 [info] > git config --get commit.template [7ms]
2026-02-13 01:26:22.566 [info] > git for-each-ref --format=%(refname)%00%(upstream:short)%00%(objectname)%00%(upstream:track)%00%(upstream:remotename)%00%(upstream:remoteref) refs/heads/main refs/remotes/main [2ms]
2026-02-13 01:26:22.578 [info] > git status -z -uall [7ms]
2026-02-13 01:26:22.578 [info] > git for-each-ref --sort -committerdate --format %(refname)%00%(objectname)%00%(*objectname) [1ms]
2026-02-13 01:26:27.605 [info] > git config --get commit.template [4ms]
2026-02-13 01:26:27.617 [info] > git for-each-ref --format=%(refname)%00%(upstream:short)%00%(objectname)%00%(upstream:track)%00%(upstream:remotename)%00%(upstream:remoteref) refs/heads/main refs/remotes/main [2ms]
2026-02-13 01:26:27.632 [info] > git status -z -uall [8ms]
2026-02-13 01:26:27.633 [info] > git for-each-ref --sort -committerdate --format %(refname)%00%(objectname)%00%(*objectname) [2ms]
2026-02-13 01:26:32.650 [info] > git config --get commit.template [8ms]
2026-02-13 01:26:32.651 [info] > git for-each-ref --format=%(refname)%00%(upstream:short)%00%(objectname)%00%(upstream:track)%00%(upstream:remotename)%00%(upstream:remoteref) refs/heads/main refs/remotes/main [2ms]
2026-02-13 01:26:32.663 [info] > git status -z -uall [6ms]
2026-02-13 01:26:32.663 [info] > git for-each-ref --sort -committerdate --format %(refname)%00%(objectname)%00%(*objectname) [1ms]
2026-02-13 01:26:51.986 [info] > git config --get commit.template [7ms]
2026-02-13 01:26:51.987 [info] > git for-each-ref --format=%(refname)%00%(upstream:short)%00%(objectname)%00%(upstream:track)%00%(upstream:remotename)%00%(upstream:remoteref) refs/heads/main refs/remotes/main [2ms]
2026-02-13 01:26:52.002 [info] > git status -z -uall [8ms]
2026-02-13 01:26:52.003 [info] > git for-each-ref --sort -committerdate --format %(refname)%00%(objectname)%00%(*objectname) [2ms]
2026-02-13 01:26:57.031 [info] > git config --get commit.template [15ms]
2026-02-13 01:26:57.031 [info] > git for-each-ref --format=%(refname)%00%(upstream:short)%00%(objectname)%00%(upstream:track)%00%(upstream:remotename)%00%(upstream:remoteref) refs/heads/main refs/remotes/main [5ms]
2026-02-13 01:26:57.050 [info] > git status -z -uall [9ms]
2026-02-13 01:26:57.053 [info] > git for-each-ref --sort -committerdate --format %(refname)%00%(objectname)%00%(*objectname) [5ms]
2026-02-13 01:27:03.969 [info] > git config --get commit.template [17ms]
2026-02-13 01:27:03.970 [info] > git for-each-ref --format=%(refname)%00%(upstream:short)%00%(objectname)%00%(upstream:track)%00%(upstream:remotename)%00%(upstream:remoteref) refs/heads/main refs/remotes/main [3ms]
2026-02-13 01:27:03.982 [info] > git status -z -uall [6ms]
2026-02-13 01:27:03.983 [info] > git for-each-ref --sort -committerdate --format %(refname)%00%(objectname)%00%(*objectname) [1ms]
2026-02-13 01:27:14.627 [info] > git config --get commit.template [6ms]
2026-02-13 01:27:14.627 [info] > git for-each-ref --format=%(refname)%00%(upstream:short)%00%(objectname)%00%(upstream:track)%00%(upstream:remotename)%00%(upstream:remoteref) refs/heads/main refs/remotes/main [1ms]
2026-02-13 01:27:14.638 [info] > git status -z -uall [5ms]
2026-02-13 01:27:14.639 [info] > git for-each-ref --sort -committerdate --format %(refname)%00%(objectname)%00%(*objectname) [2ms]
2026-02-13 01:27:16.728 [info] > git check-ignore -v -z --stdin [1ms]
2026-02-13 01:27:16.742 [info] > git show --textconv :packages.txt [8ms]
2026-02-13 01:27:16.743 [info] > git ls-files --stage -- packages.txt [2ms]
2026-02-13 01:27:16.749 [info] > git cat-file -s 22e246834fd8e8e368e5f2cad34d4a597affbfe0 [1ms]
2026-02-13 01:27:17.581 [info] > git check-ignore -v -z --stdin [1ms]
2026-02-13 01:27:17.593 [info] > git show --textconv :README.md [6ms]
2026-02-13 01:27:17.594 [info] > git ls-files --stage -- README.md [1ms]
2026-02-13 01:27:17.601 [info] > git cat-file -s b312966e68b41b2dd4da9ea29b7976bfb0608d22 [1ms]
2026-02-13 01:27:17.937 [info] > git check-ignore -v -z --stdin [1ms]
2026-02-13 01:27:17.952 [info] > git show --textconv :packages.txt [8ms]
2026-02-13 01:27:17.954 [info] > git ls-files --stage -- packages.txt [2ms]
2026-02-13 01:27:17.962 [info] > git cat-file -s 22e246834fd8e8e368e5f2cad34d4a597affbfe0 [2ms]
2026-02-13 01:27:19.516 [info] > git check-ignore -v -z --stdin [1ms]
2026-02-13 01:27:19.529 [info] > git show --textconv :README.md [7ms]
2026-02-13 01:27:19.530 [info] > git ls-files --stage -- README.md [2ms]
2026-02-13 01:27:19.536 [info] > git cat-file -s b312966e68b41b2dd4da9ea29b7976bfb0608d22 [1ms]
2026-02-13 01:27:19.653 [info] > git config --get commit.template [6ms]
2026-02-13 01:27:19.654 [info] > git for-each-ref --format=%(refname)%00%(upstream:short)%00%(objectname)%00%(upstream:track)%00%(upstream:remotename)%00%(upstream:remoteref) refs/heads/main refs/remotes/main [2ms]
2026-02-13 01:27:19.665 [info] > git status -z -uall [6ms]
2026-02-13 01:27:19.666 [info] > git for-each-ref --sort -committerdate --format %(refname)%00%(objectname)%00%(*objectname) [2ms]
2026-02-13 01:27:20.017 [info] > git check-ignore -v -z --stdin [27ms]
2026-02-13 01:27:20.019 [info] > git check-ignore -v -z --stdin [12ms]
2026-02-13 01:27:27.193 [info] > git check-ignore -v -z --stdin [1ms]
2026-02-13 01:27:28.238 [info] > git check-ignore -v -z --stdin [7ms]
2026-02-13 01:27:28.778 [info] > git check-ignore -v -z --stdin [3ms]
2026-02-13 01:27:29.078 [info] > git config --get commit.template [5ms]
2026-02-13 01:27:29.079 [info] > git for-each-ref --format=%(refname)%00%(upstream:short)%00%(objectname)%00%(upstream:track)%00%(upstream:remotename)%00%(upstream:remoteref) refs/heads/main refs/remotes/main [1ms]
2026-02-13 01:27:29.091 [info] > git status -z -uall [6ms]
2026-02-13 01:27:29.092 [info] > git for-each-ref --sort -committerdate --format %(refname)%00%(objectname)%00%(*objectname) [1ms]
2026-02-13 01:27:29.421 [info] > git check-ignore -v -z --stdin [16ms]
2026-02-13 01:27:29.421 [info] > git check-ignore -v -z --stdin [8ms]
2026-02-13 01:27:29.689 [info] > git check-ignore -v -z --stdin [5ms]
2026-02-13 01:27:30.952 [info] > git check-ignore -v -z --stdin [2ms]
2026-02-13 01:27:31.400 [info] > git check-ignore -v -z --stdin [7ms]
2026-02-13 01:27:31.601 [info] > git check-ignore -v -z --stdin [1ms]
2026-02-13 01:27:31.845 [info] > git check-ignore -v -z --stdin [1ms]
2026-02-13 01:27:32.093 [info] > git check-ignore -v -z --stdin [1ms]
2026-02-13 01:28:51.468 [info] > git config --get commit.template [9ms]
2026-02-13 01:28:51.468 [info] > git for-each-ref --format=%(refname)%00%(upstream:short)%00%(objectname)%00%(upstream:track)%00%(upstream:remotename)%00%(upstream:remoteref) refs/heads/main refs/remotes/main [2ms]
2026-02-13 01:28:51.482 [info] > git status -z -uall [8ms]
2026-02-13 01:28:51.483 [info] > git for-each-ref --sort -committerdate --format %(refname)%00%(objectname)%00%(*objectname) [2ms]
2026-02-13 01:28:51.800 [info] > git check-ignore -v -z --stdin [7ms]
2026-02-13 01:28:51.800 [info] > git check-ignore -v -z --stdin [1ms]
2026-02-13 01:29:02.420 [info] > git check-ignore -v -z --stdin [1ms]
2026-02-13 01:29:02.435 [info] > git show --textconv :README.md [5ms]
2026-02-13 01:29:02.436 [info] > git ls-files --stage -- README.md [2ms]
2026-02-13 01:29:02.444 [info] > git cat-file -s b312966e68b41b2dd4da9ea29b7976bfb0608d22 [3ms]
2026-02-13 01:33:26.136 [info] > git config --get commit.template [21ms]
2026-02-13 01:33:26.138 [info] > git for-each-ref --format=%(refname)%00%(upstream:short)%00%(objectname)%00%(upstream:track)%00%(upstream:remotename)%00%(upstream:remoteref) refs/heads/main refs/remotes/main [5ms]
2026-02-13 01:33:26.160 [info] > git status -z -uall [10ms]
2026-02-13 01:33:26.161 [info] > git for-each-ref --sort -committerdate --format %(refname)%00%(objectname)%00%(*objectname) [3ms]
2026-02-13 01:33:26.503 [info] > git check-ignore -v -z --stdin [4ms]
2026-02-13 01:33:31.207 [info] > git config --get commit.template [23ms]
2026-02-13 01:33:31.209 [info] > git for-each-ref --format=%(refname)%00%(upstream:short)%00%(objectname)%00%(upstream:track)%00%(upstream:remotename)%00%(upstream:remoteref) refs/heads/main refs/remotes/main [6ms]
2026-02-13 01:33:31.227 [info] > git status -z -uall [7ms]
2026-02-13 01:33:31.227 [info] > git for-each-ref --sort -committerdate --format %(refname)%00%(objectname)%00%(*objectname) [1ms]
2026-02-13 01:33:31.583 [info] > git check-ignore -v -z --stdin [18ms]
2026-02-13 01:33:36.255 [info] > git config --get commit.template [7ms]
2026-02-13 01:33:36.271 [info] > git for-each-ref --format=%(refname)%00%(upstream:short)%00%(objectname)%00%(upstream:track)%00%(upstream:remotename)%00%(upstream:remoteref) refs/heads/main refs/remotes/main [3ms]
2026-02-13 01:33:36.289 [info] > git status -z -uall [8ms]
2026-02-13 01:33:36.290 [info] > git for-each-ref --sort -committerdate --format %(refname)%00%(objectname)%00%(*objectname) [2ms]
2026-02-13 01:33:36.608 [info] > git check-ignore -v -z --stdin [1ms]
2026-02-13 01:33:41.335 [info] > git config --get commit.template [14ms]
2026-02-13 01:33:41.335 [info] > git for-each-ref --format=%(refname)%00%(upstream:short)%00%(objectname)%00%(upstream:track)%00%(upstream:remotename)%00%(upstream:remoteref) refs/heads/main refs/remotes/main [2ms]
2026-02-13 01:33:41.353 [info] > git status -z -uall [9ms]
2026-02-13 01:33:41.354 [info] > git for-each-ref --sort -committerdate --format %(refname)%00%(objectname)%00%(*objectname) [2ms]
2026-02-13 01:33:41.685 [info] > git check-ignore -v -z --stdin [4ms]
2026-02-13 01:33:47.452 [info] > git config --get commit.template [1ms]
2026-02-13 01:33:47.457 [info] > git for-each-ref --format=%(refname)%00%(upstream:short)%00%(objectname)%00%(upstream:track)%00%(upstream:remotename)%00%(upstream:remoteref) refs/heads/main refs/remotes/main [1ms]
2026-02-13 01:33:47.468 [info] > git status -z -uall [6ms]
2026-02-13 01:33:47.469 [info] > git for-each-ref --sort -committerdate --format %(refname)%00%(objectname)%00%(*objectname) [2ms]
2026-02-13 01:33:47.802 [info] > git check-ignore -v -z --stdin [11ms]
2026-02-13 01:33:52.508 [info] > git config --get commit.template [19ms]
2026-02-13 01:33:52.511 [info] > git for-each-ref --format=%(refname)%00%(upstream:short)%00%(objectname)%00%(upstream:track)%00%(upstream:remotename)%00%(upstream:remoteref) refs/heads/main refs/remotes/main [5ms]
2026-02-13 01:33:52.545 [info] > git status -z -uall [18ms]
2026-02-13 01:33:52.548 [info] > git for-each-ref --sort -committerdate --format %(refname)%00%(objectname)%00%(*objectname) [5ms]
2026-02-13 01:33:52.873 [info] > git check-ignore -v -z --stdin [4ms]
2026-02-13 01:34:29.086 [info] > git config --get commit.template [14ms]
2026-02-13 01:34:29.091 [info] > git for-each-ref --format=%(refname)%00%(upstream:short)%00%(objectname)%00%(upstream:track)%00%(upstream:remotename)%00%(upstream:remoteref) refs/heads/main refs/remotes/main [7ms]
2026-02-13 01:34:29.109 [info] > git status -z -uall [7ms]
2026-02-13 01:34:29.110 [info] > git for-each-ref --sort -committerdate --format %(refname)%00%(objectname)%00%(*objectname) [2ms]
2026-02-13 01:34:29.438 [info] > git check-ignore -v -z --stdin [3ms]
2026-02-13 01:34:44.178 [info] > git config --get commit.template [19ms]
2026-02-13 01:34:44.179 [info] > git for-each-ref --format=%(refname)%00%(upstream:short)%00%(objectname)%00%(upstream:track)%00%(upstream:remotename)%00%(upstream:remoteref) refs/heads/main refs/remotes/main [2ms]
2026-02-13 01:34:44.207 [info] > git status -z -uall [16ms]
2026-02-13 01:34:44.207 [info] > git for-each-ref --sort -committerdate --format %(refname)%00%(objectname)%00%(*objectname) [3ms]
2026-02-13 01:34:44.536 [info] > git check-ignore -v -z --stdin [4ms]
2026-02-13 01:34:49.887 [info] > git config --get commit.template [27ms]
2026-02-13 01:34:49.888 [info] > git for-each-ref --format=%(refname)%00%(upstream:short)%00%(objectname)%00%(upstream:track)%00%(upstream:remotename)%00%(upstream:remoteref) refs/heads/main refs/remotes/main [3ms]
2026-02-13 01:34:49.903 [info] > git status -z -uall [8ms]
2026-02-13 01:34:49.904 [info] > git for-each-ref --sort -committerdate --format %(refname)%00%(objectname)%00%(*objectname) [2ms]
2026-02-13 01:34:50.218 [info] > git check-ignore -v -z --stdin [2ms]
2026-02-13 01:34:55.610 [info] > git config --get commit.template [18ms]
2026-02-13 01:34:55.613 [info] > git for-each-ref --format=%(refname)%00%(upstream:short)%00%(objectname)%00%(upstream:track)%00%(upstream:remotename)%00%(upstream:remoteref) refs/heads/main refs/remotes/main [6ms]
2026-02-13 01:34:55.638 [info] > git status -z -uall [8ms]
2026-02-13 01:34:55.639 [info] > git for-each-ref --sort -committerdate --format %(refname)%00%(objectname)%00%(*objectname) [1ms]
2026-02-13 01:34:55.971 [info] > git check-ignore -v -z --stdin [6ms]
2026-02-13 01:35:00.652 [info] > git config --get commit.template [5ms]
2026-02-13 01:35:00.653 [info] > git for-each-ref --format=%(refname)%00%(upstream:short)%00%(objectname)%00%(upstream:track)%00%(upstream:remotename)%00%(upstream:remoteref) refs/heads/main refs/remotes/main [1ms]
2026-02-13 01:35:00.667 [info] > git status -z -uall [9ms]
2026-02-13 01:35:00.670 [info] > git for-each-ref --sort -committerdate --format %(refname)%00%(objectname)%00%(*objectname) [4ms]
2026-02-13 01:35:06.793 [info] > git check-ignore -v -z --stdin [5ms]
2026-02-13 01:35:06.818 [info] > git show --textconv :packages.txt [7ms]
2026-02-13 01:35:06.819 [info] > git ls-files --stage -- packages.txt [2ms]
2026-02-13 01:35:06.826 [info] > git cat-file -s 22e246834fd8e8e368e5f2cad34d4a597affbfe0 [2ms]
2026-02-13 01:35:43.126 [info] > git config --get commit.template [19ms]
2026-02-13 01:35:43.127 [info] > git for-each-ref --format=%(refname)%00%(upstream:short)%00%(objectname)%00%(upstream:track)%00%(upstream:remotename)%00%(upstream:remoteref) refs/heads/main refs/remotes/main [5ms]
2026-02-13 01:35:43.177 [info] > git status -z -uall [32ms]
2026-02-13 01:35:43.178 [info] > git for-each-ref --sort -committerdate --format %(refname)%00%(objectname)%00%(*objectname) [14ms]
2026-02-13 01:35:43.503 [info] > git check-ignore -v -z --stdin [1ms]
2026-02-13 01:35:48.236 [info] > git config --get commit.template [20ms]
2026-02-13 01:35:48.238 [info] > git for-each-ref --format=%(refname)%00%(upstream:short)%00%(objectname)%00%(upstream:track)%00%(upstream:remotename)%00%(upstream:remoteref) refs/heads/main refs/remotes/main [5ms]
2026-02-13 01:35:48.276 [info] > git status -z -uall [21ms]
2026-02-13 01:35:48.278 [info] > git for-each-ref --sort -committerdate --format %(refname)%00%(objectname)%00%(*objectname) [6ms]
2026-02-13 01:35:48.611 [info] > git check-ignore -v -z --stdin [8ms]
2026-02-13 01:35:53.331 [info] > git config --get commit.template [19ms]
2026-02-13 01:35:53.333 [info] > git for-each-ref --format=%(refname)%00%(upstream:short)%00%(objectname)%00%(upstream:track)%00%(upstream:remotename)%00%(upstream:remoteref) refs/heads/main refs/remotes/main [3ms]
2026-02-13 01:35:53.345 [info] > git status -z -uall [6ms]
2026-02-13 01:35:53.346 [info] > git for-each-ref --sort -committerdate --format %(refname)%00%(objectname)%00%(*objectname) [2ms]
2026-02-13 01:35:53.698 [info] > git check-ignore -v -z --stdin [6ms]
2026-02-13 01:36:20.830 [info] > git config --get commit.template [10ms]
2026-02-13 01:36:20.831 [info] > git for-each-ref --format=%(refname)%00%(upstream:short)%00%(objectname)%00%(upstream:track)%00%(upstream:remotename)%00%(upstream:remoteref) refs/heads/main refs/remotes/main [2ms]
2026-02-13 01:36:20.848 [info] > git status -z -uall [9ms]
2026-02-13 01:36:20.849 [info] > git for-each-ref --sort -committerdate --format %(refname)%00%(objectname)%00%(*objectname) [2ms]
2026-02-13 01:36:21.159 [info] > git check-ignore -v -z --stdin [1ms]
2026-02-13 01:36:26.918 [info] > git config --get commit.template [11ms]
2026-02-13 01:36:26.919 [info] > git for-each-ref --format=%(refname)%00%(upstream:short)%00%(objectname)%00%(upstream:track)%00%(upstream:remotename)%00%(upstream:remoteref) refs/heads/main refs/remotes/main [3ms]
2026-02-13 01:36:26.931 [info] > git status -z -uall [5ms]
2026-02-13 01:36:26.931 [info] > git for-each-ref --sort -committerdate --format %(refname)%00%(objectname)%00%(*objectname) [1ms]
2026-02-13 01:36:27.264 [info] > git check-ignore -v -z --stdin [6ms]
2026-02-13 01:36:31.962 [info] > git config --get commit.template [9ms]
2026-02-13 01:36:32.005 [info] > git for-each-ref --format=%(refname)%00%(upstream:short)%00%(objectname)%00%(upstream:track)%00%(upstream:remotename)%00%(upstream:remoteref) refs/heads/main refs/remotes/main [21ms]
2026-02-13 01:36:32.042 [info] > git status -z -uall [17ms]
2026-02-13 01:36:32.043 [info] > git for-each-ref --sort -committerdate --format %(refname)%00%(objectname)%00%(*objectname) [4ms]
2026-02-13 01:36:32.386 [info] > git check-ignore -v -z --stdin [4ms]
2026-02-13 01:36:38.581 [info] > git config --get commit.template [7ms]
2026-02-13 01:36:38.582 [info] > git for-each-ref --format=%(refname)%00%(upstream:short)%00%(objectname)%00%(upstream:track)%00%(upstream:remotename)%00%(upstream:remoteref) refs/heads/main refs/remotes/main [2ms]
2026-02-13 01:36:38.592 [info] > git status -z -uall [6ms]
2026-02-13 01:36:38.593 [info] > git for-each-ref --sort -committerdate --format %(refname)%00%(objectname)%00%(*objectname) [1ms]
2026-02-13 01:36:38.923 [info] > git check-ignore -v -z --stdin [3ms]
2026-02-13 01:36:43.632 [info] > git config --get commit.template [18ms]
2026-02-13 01:36:43.634 [info] > git for-each-ref --format=%(refname)%00%(upstream:short)%00%(objectname)%00%(upstream:track)%00%(upstream:remotename)%00%(upstream:remoteref) refs/heads/main refs/remotes/main [5ms]
2026-02-13 01:36:43.648 [info] > git status -z -uall [7ms]
2026-02-13 01:36:43.649 [info] > git for-each-ref --sort -committerdate --format %(refname)%00%(objectname)%00%(*objectname) [2ms]
2026-02-13 01:36:43.978 [info] > git check-ignore -v -z --stdin [4ms]
2026-02-13 01:36:48.691 [info] > git config --get commit.template [19ms]
2026-02-13 01:36:48.692 [info] > git for-each-ref --format=%(refname)%00%(upstream:short)%00%(objectname)%00%(upstream:track)%00%(upstream:remotename)%00%(upstream:remoteref) refs/heads/main refs/remotes/main [5ms]
2026-02-13 01:36:48.726 [info] > git status -z -uall [18ms]
2026-02-13 01:36:48.729 [info] > git for-each-ref --sort -committerdate --format %(refname)%00%(objectname)%00%(*objectname) [5ms]
2026-02-13 01:36:49.059 [info] > git check-ignore -v -z --stdin [4ms]
2026-02-13 01:36:53.766 [info] > git config --get commit.template [4ms]
2026-02-13 01:36:53.777 [info] > git for-each-ref --format=%(refname)%00%(upstream:short)%00%(objectname)%00%(upstream:track)%00%(upstream:remotename)%00%(upstream:remoteref) refs/heads/main refs/remotes/main [2ms]
2026-02-13 01:36:53.793 [info] > git status -z -uall [9ms]
2026-02-13 01:36:53.793 [info] > git for-each-ref --sort -committerdate --format %(refname)%00%(objectname)%00%(*objectname) [3ms]
2026-02-13 01:36:54.116 [info] > git check-ignore -v -z --stdin [1ms]
2026-02-13 01:36:59.418 [info] > git config --get commit.template [10ms]
2026-02-13 01:36:59.444 [info] > git for-each-ref --format=%(refname)%00%(upstream:short)%00%(objectname)%00%(upstream:track)%00%(upstream:remotename)%00%(upstream:remoteref) refs/heads/main refs/remotes/main [9ms]
2026-02-13 01:36:59.482 [info] > git status -z -uall [19ms]
2026-02-13 01:36:59.485 [info] > git for-each-ref --sort -committerdate --format %(refname)%00%(objectname)%00%(*objectname) [4ms]
2026-02-13 01:36:59.811 [info] > git check-ignore -v -z --stdin [4ms]
