2026-02-12 18:02:37.319 [info] Reading sessions from keychain...
2026-02-12 18:02:37.319 [info] Getting sessions for all scopes...
2026-02-12 18:02:37.319 [info] Got 0 sessions for ...
2026-02-12 18:02:37.319 [info] Getting sessions for all scopes...
2026-02-12 18:02:37.319 [info] Got 0 sessions for ...
2026-02-12 18:02:37.327 [info] Getting sessions for all scopes...
2026-02-12 18:02:37.327 [info] Got 0 sessions for ...
2026-02-12 18:02:37.354 [info] Getting sessions for all scopes...
2026-02-12 18:02:37.354 [info] Got 0 sessions for ...
2026-02-12 18:02:39.063 [info] Getting sessions for all scopes...
2026-02-12 18:02:39.063 [info] Got 0 sessions for ...
2026-02-12 18:02:40.811 [info] Getting sessions for read:user,repo,user:email,workflow...
2026-02-12 18:02:40.811 [info] Got 0 sessions for read:user,repo,user:email,workflow...
2026-02-13 01:20:08.861 [info] Getting sessions for read:user,repo,user:email,workflow...
2026-02-13 01:20:08.861 [info] Got 0 sessions for read:user,repo,user:email,workflow...
2026-02-13 01:21:47.395 [info] Logging in with 'any' account...
2026-02-13 01:21:47.395 [info] Logging in for the following scopes: read:user repo user:email workflow
2026-02-13 01:21:47.493 [info] Trying with local server... (read:user repo user:email workflow)
2026-02-13 01:21:54.793 [info] Exchanging code for token...
2026-02-13 01:21:56.454 [info] Token exchange success!
2026-02-13 01:21:56.455 [info] Getting user info...
2026-02-13 01:21:57.319 [info] Got account info!
2026-02-13 01:21:57.320 [info] Storing 1 sessions...
2026-02-13 01:21:58.080 [info] FetcherService: Electron fetch failed with status: 429 
2026-02-13 01:21:58.081 [info] Unable to resolve optional EDU details. Status: 429 
2026-02-13 01:22:17.965 [info] Reading sessions from keychain...
2026-02-13 01:22:17.965 [info] Stored 1 sessions!
2026-02-13 01:22:17.965 [info] Login success!
2026-02-13 01:22:17.968 [info] Got stored sessions!
2026-02-13 01:22:17.969 [info] Got 1 verified sessions.
2026-02-13 01:22:17.971 [info] Getting sessions for read:user,repo,user:email,workflow...
2026-02-13 01:22:17.971 [info] Got 1 sessions for read:user,repo,user:email,workflow...
2026-02-13 01:22:18.070 [info] Getting sessions for all scopes...
2026-02-13 01:22:18.070 [info] Got 1 sessions for ...
2026-02-13 01:22:18.071 [info] Getting sessions for all scopes...
2026-02-13 01:22:18.071 [info] Got 1 sessions for ...
2026-02-13 01:22:31.865 [info] Getting sessions for all scopes...
2026-02-13 01:22:31.865 [info] Got 1 sessions for ...
2026-02-13 01:22:31.866 [info] Getting sessions for all scopes...
2026-02-13 01:22:31.867 [info] Got 1 sessions for ...
2026-02-13 01:22:31.979 [info] Getting sessions for read:user,repo,user:email,workflow...
2026-02-13 01:22:31.979 [info] Got 1 sessions for read:user,repo,user:email,workflow...
2026-02-13 01:22:32.001 [info] Getting sessions for all scopes...
2026-02-13 01:22:32.001 [info] Got 1 sessions for ...
2026-02-13 01:22:32.003 [info] Getting sessions for read:user,repo,user:email,workflow...
2026-02-13 01:22:32.003 [info] Got 1 sessions for read:user,repo,user:email,workflow...
2026-02-13 01:22:32.570 [info] Getting sessions for all scopes...
2026-02-13 01:22:32.570 [info] Got 1 sessions for ...
2026-02-13 01:22:32.577 [info] Getting sessions for all scopes...
2026-02-13 01:22:32.577 [info] Got 1 sessions for ...
2026-02-13 01:22:32.605 [info] Getting sessions for read:user,repo,user:email,workflow...
2026-02-13 01:22:32.605 [info] Got 1 sessions for read:user,repo,user:email,workflow...
2026-02-13 01:22:33.117 [info] Getting sessions for all scopes...
2026-02-13 01:22:33.118 [info] Got 1 sessions for ...
2026-02-13 01:22:33.118 [info] Getting sessions for all scopes...
2026-02-13 01:22:33.118 [info] Got 1 sessions for ...
2026-02-13 01:22:33.708 [info] Getting sessions for read:user,repo,user:email,workflow...
2026-02-13 01:22:33.708 [info] Got 1 sessions for read:user,repo,user:email,workflow...
2026-02-13 01:22:33.867 [info] Getting sessions for all scopes...
2026-02-13 01:22:33.867 [info] Got 1 sessions for ...
2026-02-13 01:22:33.868 [info] Getting sessions for all scopes...
2026-02-13 01:22:33.868 [info] Got 1 sessions for ...
2026-02-13 01:22:33.880 [info] Getting sessions for read:user,repo,user:email,workflow...
2026-02-13 01:22:33.881 [info] Got 1 sessions for read:user,repo,user:email,workflow...
2026-02-13 01:22:33.921 [info] Getting sessions for all scopes...
2026-02-13 01:22:33.921 [info] Got 1 sessions for ...
2026-02-13 01:22:33.921 [info] Getting sessions for all scopes...
2026-02-13 01:22:33.921 [info] Got 1 sessions for ...
2026-02-13 01:22:33.922 [info] Getting sessions for all scopes...
2026-02-13 01:22:33.922 [info] Got 1 sessions for ...
2026-02-13 01:22:33.923 [info] Getting sessions for read:user,repo,user:email,workflow...
2026-02-13 01:22:33.923 [info] Got 1 sessions for read:user,repo,user:email,workflow...
2026-02-13 01:22:34.234 [info] Getting sessions for all scopes...
2026-02-13 01:22:34.234 [info] Got 1 sessions for ...
2026-02-13 01:22:34.238 [info] Getting sessions for read:user,repo,user:email,workflow...
2026-02-13 01:22:34.238 [info] Got 1 sessions for read:user,repo,user:email,workflow...
2026-02-13 01:28:55.326 [info] Getting sessions for all scopes...
2026-02-13 01:28:55.327 [info] Got 1 sessions for ...
2026-02-13 01:28:55.331 [info] Getting sessions for read:user,repo,user:email,workflow...
2026-02-13 01:28:55.332 [info] Got 1 sessions for read:user,repo,user:email,workflow...
