2026-02-12 16:38:34.172 [info] Extension host with pid 4661 started
2026-02-12 16:38:34.172 [info] Skipping acquiring lock for /home/joe/.config/Code/User/workspaceStorage/a66d788028e62768d42eb1608342c036.
2026-02-12 16:38:34.204 [info] ExtensionService#_doActivateExtension vscode.github-authentication, startup: false, activationEvent: 'onAuthenticationRequest:github'
2026-02-12 16:38:34.251 [info] ExtensionService#_doActivateExtension vscode.emmet, startup: false, activationEvent: 'onLanguage'
2026-02-12 16:38:34.389 [info] ExtensionService#_doActivateExtension vscode.git-base, startup: true, activationEvent: '*'
2026-02-12 16:38:34.428 [info] ExtensionService#_doActivateExtension vscode.github, startup: true, activationEvent: '*'
2026-02-12 16:38:34.582 [info] Eager extensions activated
2026-02-12 16:38:34.660 [info] ExtensionService#_doActivateExtension vscode.debug-auto-launch, startup: false, activationEvent: 'onStartupFinished'
2026-02-12 16:38:34.664 [info] ExtensionService#_doActivateExtension vscode.merge-conflict, startup: false, activationEvent: 'onStartupFinished'
2026-02-12 16:38:41.288 [info] ExtensionService#_doActivateExtension vscode.git, startup: false, activationEvent: 'api', root cause: vscode.github
2026-02-12 16:38:57.660 [info] ExtensionService#_doActivateExtension vscode.configuration-editing, startup: false, activationEvent: 'onLanguage:json'
2026-02-12 16:38:57.673 [info] ExtensionService#_doActivateExtension vscode.extension-editing, startup: false, activationEvent: 'onLanguage:json'
2026-02-12 16:38:57.696 [info] ExtensionService#_doActivateExtension vscode.json-language-features, startup: false, activationEvent: 'onLanguage:json'
2026-02-12 16:38:57.837 [info] ExtensionService#_doActivateExtension vscode.npm, startup: false, activationEvent: 'onLanguage:json'
2026-02-12 17:11:56.798 [info] ExtensionService#_doActivateExtension vscode.css-language-features, startup: false, activationEvent: 'onLanguage:css'
2026-02-12 17:30:18.168 [info] ExtensionService#_doActivateExtension vscode.terminal-suggest, startup: false, activationEvent: 'onTerminalShellIntegration:*'
2026-02-12 18:09:33.511 [info] Extension host terminating: renderer closed the MessagePort
2026-02-12 18:09:33.549 [info] Extension host with pid 4661 exiting with code 0
2026-02-12 18:09:35.104 [info] Extension host with pid 15081 started
2026-02-12 18:09:35.104 [info] Skipping acquiring lock for /home/joe/.config/Code/User/workspaceStorage/4be4546998d6b72fc1302855ba66deee.
2026-02-12 18:09:35.193 [info] ExtensionService#_doActivateExtension vscode.github-authentication, startup: false, activationEvent: 'onAuthenticationRequest:github'
2026-02-12 18:09:35.228 [info] ExtensionService#_doActivateExtension vscode.emmet, startup: false, activationEvent: 'onLanguage'
2026-02-12 18:09:35.313 [info] ExtensionService#_doActivateExtension vscode.git-base, startup: true, activationEvent: '*', root cause: vscode.git
2026-02-12 18:09:35.320 [info] ExtensionService#_doActivateExtension vscode.git, startup: true, activationEvent: '*'
2026-02-12 18:09:35.380 [info] ExtensionService#_doActivateExtension vscode.github, startup: true, activationEvent: '*'
2026-02-12 18:09:35.566 [info] Eager extensions activated
2026-02-12 18:09:35.601 [info] ExtensionService#_doActivateExtension vscode.debug-auto-launch, startup: false, activationEvent: 'onStartupFinished'
2026-02-12 18:09:35.603 [info] ExtensionService#_doActivateExtension vscode.merge-conflict, startup: false, activationEvent: 'onStartupFinished'
2026-02-12 21:10:55.165 [info] ExtensionService#_doActivateExtension vscode.css-language-features, startup: false, activationEvent: 'onLanguage:css'
2026-02-12 21:14:13.758 [info] ExtensionService#_doActivateExtension vscode.configuration-editing, startup: false, activationEvent: 'onLanguage:json'
2026-02-12 21:14:13.767 [info] ExtensionService#_doActivateExtension vscode.extension-editing, startup: false, activationEvent: 'onLanguage:json'
2026-02-12 21:14:13.780 [info] ExtensionService#_doActivateExtension vscode.json-language-features, startup: false, activationEvent: 'onLanguage:json'
2026-02-12 21:14:13.840 [info] ExtensionService#_doActivateExtension vscode.npm, startup: false, activationEvent: 'onLanguage:json'
2026-02-12 21:27:18.824 [info] ExtensionService#_doActivateExtension vscode.terminal-suggest, startup: false, activationEvent: 'onTerminalShellIntegration:*'
